#-----------------------------------------------------------
# Vivado v2021.1 (64-bit)
# SW Build 3247384 on Thu Jun 10 19:36:33 MDT 2021
# IP Build 3246043 on Fri Jun 11 00:30:35 MDT 2021
# Start of session at: Fri Dec  9 17:41:21 2022
# Process ID: 25888
# Current directory: C:/vivadolab/S2_L2
# Command line: vivado.exe -gui_launcher_event rodinguilauncherevent30788 C:\vivadolab\S2_L2\S2_L1.xpr
# Log file: C:/vivadolab/S2_L2/vivado.log
# Journal file: C:/vivadolab/S2_L2\vivado.jou
#-----------------------------------------------------------
start_gui
open_project C:/vivadolab/S2_L2/S2_L1.xpr
WARNING: [filemgmt 56-3] Default IP Output Path : Could not find the directory 'C:/vivadolab/S2_L2/S2_L1.gen/sources_1'.
Scanning sources...
Finished scanning sources
INFO: [IP_Flow 19-234] Refreshing IP repositories
INFO: [IP_Flow 19-1704] No user IP repositories specified
INFO: [IP_Flow 19-2313] Loaded Vivado IP repository 'C:/Xilinx/Vivado/2021.1/data/ip'.
open_project: Time (s): cpu = 00:00:16 ; elapsed = 00:00:10 . Memory (MB): peak = 1216.781 ; gain = 0.000
update_compile_order -fileset sources_1
exit
INFO: [Common 17-206] Exiting Vivado at Fri Dec  9 17:42:33 2022...
