INFO: [VRFC 10-2263] Analyzing Verilog file "M:/2010/IVBO-01-20/Ermishin/S2_L2/S2_L1.srcs/sources_1/imports/new/Button.v" into library xil_defaultlib
INFO: [VRFC 10-311] analyzing module Button
INFO: [VRFC 10-2263] Analyzing Verilog file "M:/2010/IVBO-01-20/Ermishin/S2_L2/S2_L1.srcs/sources_1/imports/new/D_trigger.v" into library xil_defaultlib
INFO: [VRFC 10-311] analyzing module D_trigger
INFO: [VRFC 10-2263] Analyzing Verilog file "M:/2010/IVBO-01-20/Ermishin/S2_L2/S2_L1.srcs/sources_1/imports/new/D_trigger_out.v" into library xil_defaultlib
INFO: [VRFC 10-311] analyzing module D_trigger_out
INFO: [VRFC 10-2263] Analyzing Verilog file "M:/2010/IVBO-01-20/Ermishin/S2_L2/S2_L1.srcs/sources_1/new/LED.v" into library xil_defaultlib
INFO: [VRFC 10-311] analyzing module LED
INFO: [VRFC 10-2263] Analyzing Verilog file "M:/2010/IVBO-01-20/Ermishin/S2_L2/S2_L1.srcs/sources_1/imports/new/T_trigger_signal.v" into library xil_defaultlib
INFO: [VRFC 10-311] analyzing module T_trigger_signal
INFO: [VRFC 10-2263] Analyzing Verilog file "M:/2010/IVBO-01-20/Ermishin/S2_L2/S2_L1.srcs/sources_1/new/clk_div.v" into library xil_defaultlib
INFO: [VRFC 10-311] analyzing module clk_div
INFO: [VRFC 10-2263] Analyzing Verilog file "M:/2010/IVBO-01-20/Ermishin/S2_L2/S2_L1.srcs/sources_1/imports/new/counter.v" into library xil_defaultlib
INFO: [VRFC 10-311] analyzing module counter
INFO: [VRFC 10-2263] Analyzing Verilog file "M:/2010/IVBO-01-20/Ermishin/S2_L2/S2_L1.srcs/sources_1/imports/new/fsm.v" into library xil_defaultlib
INFO: [VRFC 10-311] analyzing module fsm
INFO: [VRFC 10-2263] Analyzing Verilog file "M:/2010/IVBO-01-20/Ermishin/S2_L2/S2_L1.srcs/sources_1/imports/new/introsort_helper.v" into library xil_defaultlib
INFO: [VRFC 10-311] analyzing module introsort_helper
INFO: [VRFC 10-2263] Analyzing Verilog file "M:/2010/IVBO-01-20/Ermishin/S2_L2/S2_L1.srcs/sources_1/imports/new/partition.v" into library xil_defaultlib
INFO: [VRFC 10-311] analyzing module partition
INFO: [VRFC 10-2263] Analyzing Verilog file "M:/2010/IVBO-01-20/Ermishin/S2_L2/S2_L1.srcs/sources_1/new/ps2_decoder.v" into library xil_defaultlib
INFO: [VRFC 10-311] analyzing module ps2_decoder
INFO: [VRFC 10-2263] Analyzing Verilog file "M:/2010/IVBO-01-20/Ermishin/S2_L2/S2_L1.srcs/sources_1/new/ps2_keyboard.v" into library xil_defaultlib
INFO: [VRFC 10-311] analyzing module ps2_keyboard
INFO: [VRFC 10-2263] Analyzing Verilog file "M:/2010/IVBO-01-20/Ermishin/S2_L2/S2_L1.srcs/sources_1/new/ps2_top.v" into library xil_defaultlib
INFO: [VRFC 10-311] analyzing module ps2_top
INFO: [VRFC 10-2263] Analyzing Verilog file "M:/2010/IVBO-01-20/Ermishin/S2_L2/S2_L1.srcs/sources_1/imports/new/sort_machine.v" into library xil_defaultlib
INFO: [VRFC 10-311] analyzing module sort_machine
INFO: [VRFC 10-2263] Analyzing Verilog file "M:/2010/IVBO-01-20/Ermishin/S2_L2/S2_L1.srcs/sources_1/imports/new/sync.v" into library xil_defaultlib
INFO: [VRFC 10-311] analyzing module sync
INFO: [VRFC 10-2263] Analyzing Verilog file "M:/2010/IVBO-01-20/Ermishin/S2_L2/S2_L1.srcs/sources_1/new/top.v" into library xil_defaultlib
INFO: [VRFC 10-311] analyzing module top
INFO: [VRFC 10-2263] Analyzing Verilog file "M:/2010/IVBO-01-20/Ermishin/S2_L2/S2_L1.srcs/sim_1/new/testbench.v" into library xil_defaultlib
INFO: [VRFC 10-311] analyzing module test
